<?xml version="1.0" encoding="UTF-8"?>
<!-- Generated by org.testng.reporters.JUnitXMLReporter -->
<testsuite ignored="0" hostname="oneonethreeMBP" failures="1" tests="1" name="PLP Sorting" time="3.287" errors="0" timestamp="2022-06-08T21:34:05 CEST">
  <testcase classname="swag.lab.test.plp.PLPSorting" name="sortingPLP" time="1.394">
    <failure type="java.lang.AssertionError" message="Lists differ at element [0]: 7.99 != 49.99 expected [7.99] but found [49.99]">
      <![CDATA[java.lang.AssertionError: Lists differ at element [0]: 7.99 != 49.99 expected [7.99] but found [49.99]
at swag.lab.test.plp.PLPSorting.sortingPLP(PLPSorting.java:51)
at java.base/java.util.ArrayList.forEach(ArrayList.java:1511)
... Removed 34 stack frames]]>
    </failure>
  </testcase> <!-- sortingPLP -->
</testsuite> <!-- PLP Sorting -->
